<?xml version='1.0'?>
<ns2:test-suite xmlns:ns2='urn:model.allure.qatools.yandex.ru' start='1535649578547' stop='1535649583113'>
    <name>istock login page validations</name>
    <title>istock login page validations</title>
    <test-cases>
        <test-case start='1535649578547' status='passed' stop='1535649583112'>
            <name>it should navigate to istock homepage</name>
            <title>it should navigate to istock homepage</title>
            <labels/>
            <parameters/>
            <steps/>
            <attachments>
                <attachment title='Screenshot' source='26e9749d-3f22-4937-94cb-98fa218cffb1-attachment.png' type='image/png' size='2034294'/>
            </attachments>
        </test-case>
        <test-case start='1535649583113' status='pending' stop='1535649583113'>
            <name>it should test valid credentials for application</name>
            <title>it should test valid credentials for application</title>
            <labels/>
            <parameters/>
            <steps/>
            <attachments/>
            <failure>
                <message>This test was ignored</message>
                <stack-trace></stack-trace>
            </failure>
        </test-case>
        <test-case start='1535649583113' status='pending' stop='1535649583113'>
            <name>it should logout the application</name>
            <title>it should logout the application</title>
            <labels/>
            <parameters/>
            <steps/>
            <attachments/>
            <failure>
                <message>This test was ignored</message>
                <stack-trace></stack-trace>
            </failure>
        </test-case>
        <test-case start='1535649583113' status='pending' stop='1535649583113'>
            <name>it should test invalid credentials for application</name>
            <title>it should test invalid credentials for application</title>
            <labels/>
            <parameters/>
            <steps/>
            <attachments/>
            <failure>
                <message>This test was ignored</message>
                <stack-trace></stack-trace>
            </failure>
        </test-case>
        <test-case start='1535649583113' status='pending' stop='1535649583113'>
            <name>it should test valid credentials for application</name>
            <title>it should test valid credentials for application</title>
            <labels/>
            <parameters/>
            <steps/>
            <attachments/>
            <failure>
                <message>This test was ignored</message>
                <stack-trace></stack-trace>
            </failure>
        </test-case>
    </test-cases>
</ns2:test-suite>